<?xml version="1.0" encoding="UTF-8"?>
<!-- Generated by org.testng.reporters.JUnitReportReporter -->
<testsuite hostname="SYNBLRGTP-190" name="com.subrat.springmvc.controller.AppControllerTest" tests="2" failures="0" timestamp="19 Jul 2016 11:42:59 GMT" time="0.094" errors="0">
  <testcase name="listEmployees" time="0.016" classname="com.subrat.springmvc.controller.AppControllerTest"/>
  <testcase name="newEmployee" time="0.078" classname="com.subrat.springmvc.controller.AppControllerTest"/>
</testsuite> <!-- com.subrat.springmvc.controller.AppControllerTest -->
